<?xml version="1.0" encoding="UTF-8"?>
<!-- Generated by org.testng.reporters.JUnitXMLReporter -->
<testsuite hostname="ip-172-31-32-197" ignored="0" name="Amazon Test" tests="5" failures="0" timestamp="2021-10-28T06:41:22 UTC" time="23.443" errors="0">
  <testcase name="testAmazonHomePageSourceURl" time="0.234" classname="com.webapp.test.amazon.AmazonHompageTest"/>
  <testcase name="testAmazonHomePageTitle" time="0.224" classname="com.webapp.test.amazon.AmazonHompageTest"/>
  <testcase name="testFashionNavLink" time="2.082" classname="com.webapp.test.amazon.AmazonNavListTest"/>
  <testcase name="testMobileNavLink" time="3.039" classname="com.webapp.test.amazon.AmazonNavListTest"/>
  <testcase name="testAmazonProductSearch" time="2.814" classname="com.webapp.test.amazon.AmazonSearchProductTest"/>
</testsuite> <!-- Amazon Test -->
