<?xml version="1.0" encoding="UTF-8"?>
<!-- Generated by org.testng.reporters.JUnitXMLReporter -->
<testsuite hostname="ip-172-31-32-197" ignored="0" name="Amazon Test" tests="5" failures="0" timestamp="2021-10-28T05:42:31 UTC" time="22.919" errors="0">
  <testcase name="testAmazonHomePageSourceURl" time="0.402" classname="com.webapp.test.amazon.AmazonHompageTest"/>
  <testcase name="testAmazonHomePageTitle" time="0.232" classname="com.webapp.test.amazon.AmazonHompageTest"/>
  <testcase name="testFashionNavLink" time="2.153" classname="com.webapp.test.amazon.AmazonNavListTest"/>
  <testcase name="testMobileNavLink" time="2.825" classname="com.webapp.test.amazon.AmazonNavListTest"/>
  <testcase name="testAmazonProductSearch" time="2.429" classname="com.webapp.test.amazon.AmazonSearchProductTest"/>
</testsuite> <!-- Amazon Test -->
