<?xml version="1.0" encoding="UTF-8"?>
<!-- Generated by org.testng.reporters.JUnitXMLReporter -->
<testsuite hostname="ip-172-31-32-197" ignored="0" name="Facebook Test" tests="2" failures="0" timestamp="2021-10-28T05:42:51 UTC" time="19.826" errors="0">
  <testcase name="testLogin" time="16.871" classname="com.webapp.test.facebook.FacebookLoginTest"/>
  <testcase name="testLoginFieldsDisplayed" time="0.156" classname="com.webapp.test.facebook.FacebookLoginTest"/>
</testsuite> <!-- Facebook Test -->
