<?xml version="1.0" encoding="UTF-8"?>
<!-- Generated by org.testng.reporters.JUnitXMLReporter -->
<testsuite hostname="ip-172-31-32-197" ignored="0" name="Group Test" tests="6" failures="0" timestamp="2021-10-28T06:42:06 UTC" time="24.474" errors="0">
  <testcase name="lauchChromeTest" time="2.405" classname="com.webapp.test.group.BrowserGroupTest"/>
  <testcase name="lauchFireFoxTest" time="4.865" classname="com.webapp.test.group.BrowserGroupTest"/>
  <testcase name="testAmazonHomePageTitle" time="0.023" classname="com.webapp.test.group.BrowserGroupTest"/>
  <testcase name="testFaceBookHomePage" time="0.032" classname="com.webapp.test.group.BrowserGroupTest"/>
  <testcase name="testLogin" time="16.992" classname="com.webapp.test.group.BrowserGroupTest"/>
  <testcase name="testAmazonHomePageSourceURl" time="0.138" classname="com.webapp.test.group.BrowserGroupTest"/>
</testsuite> <!-- Group Test -->
