<?xml version="1.0" encoding="UTF-8"?>
<!-- Generated by org.testng.reporters.JUnitXMLReporter -->
<testsuite hostname="ip-172-31-32-197" ignored="0" name="Default test" tests="6" failures="0" timestamp="2021-10-28T06:38:24 UTC" time="26.183" errors="0">
  <testcase name="lauchChromeTest" time="3.281" classname="com.webapp.test.facebook.group.BrowserGroupTest"/>
  <testcase name="lauchFireFoxTest" time="4.801" classname="com.webapp.test.facebook.group.BrowserGroupTest"/>
  <testcase name="testAmazonHomePageTitle" time="0.02" classname="com.webapp.test.facebook.group.BrowserGroupTest"/>
  <testcase name="testFaceBookHomePage" time="0.013" classname="com.webapp.test.facebook.group.BrowserGroupTest"/>
  <testcase name="testLogin" time="17.862" classname="com.webapp.test.facebook.group.BrowserGroupTest"/>
  <testcase name="testAmazonHomePageSourceURl" time="0.14" classname="com.webapp.test.facebook.group.BrowserGroupTest"/>
</testsuite> <!-- Default test -->
