<?xml version="1.0" encoding="UTF-8"?>
<!-- Generated by org.testng.reporters.JUnitXMLReporter -->
<testsuite hostname="ip-172-31-32-197" ignored="0" name="Default test" tests="2" failures="0" timestamp="2021-10-28T05:33:19 UTC" time="20.337" errors="0">
  <testcase name="testLogin" time="16.062" classname="com.webapp.test.facebook.FacebookLoginTest"/>
  <testcase name="testLoginFieldsDisplayed" time="0.21" classname="com.webapp.test.facebook.FacebookLoginTest"/>
</testsuite> <!-- Default test -->
